[0.008s] Invoking command in '/home/antonio/Documents/GitHub/Jimbot/build/robot': CMAKE_PREFIX_PATH=/opt/ros/humble /usr/bin/cmake /home/antonio/Documents/GitHub/Jimbot/src/robot -DCMAKE_INSTALL_PREFIX=/home/antonio/Documents/GitHub/Jimbot/install/robot
[0.037s] -- The C compiler identification is GNU 11.3.0
[0.070s] -- The CXX compiler identification is GNU 11.3.0
[0.074s] -- Detecting C compiler ABI info
[0.107s] -- Detecting C compiler ABI info - done
[0.111s] -- Check for working C compiler: /usr/bin/cc - skipped
[0.111s] -- Detecting C compile features
[0.111s] -- Detecting C compile features - done
[0.113s] -- Detecting CXX compiler ABI info
[0.151s] -- Detecting CXX compiler ABI info - done
[0.155s] -- Check for working CXX compiler: /usr/bin/c++ - skipped
[0.155s] -- Detecting CXX compile features
[0.156s] -- Detecting CXX compile features - done
[0.157s] -- Found ament_cmake: 1.3.3 (/opt/ros/humble/share/ament_cmake/cmake)
[0.250s] -- Found Python3: /usr/bin/python3.10 (found version "3.10.6") found components: Interpreter 
[0.287s] -- Found rclcpp: 16.0.2 (/opt/ros/humble/share/rclcpp/cmake)
[0.312s] -- Found rosidl_generator_c: 3.1.4 (/opt/ros/humble/share/rosidl_generator_c/cmake)
[0.314s] -- Found rosidl_adapter: 3.1.4 (/opt/ros/humble/share/rosidl_adapter/cmake)
[0.318s] -- Found rosidl_generator_cpp: 3.1.4 (/opt/ros/humble/share/rosidl_generator_cpp/cmake)
[0.325s] -- Using all available rosidl_typesupport_c: rosidl_typesupport_fastrtps_c;rosidl_typesupport_introspection_c
[0.335s] -- Using all available rosidl_typesupport_cpp: rosidl_typesupport_fastrtps_cpp;rosidl_typesupport_introspection_cpp
[0.371s] -- Found rmw_implementation_cmake: 6.1.1 (/opt/ros/humble/share/rmw_implementation_cmake/cmake)
[0.372s] -- Found rmw_fastrtps_cpp: 6.2.2 (/opt/ros/humble/share/rmw_fastrtps_cpp/cmake)
[0.417s] -- Found OpenSSL: /usr/lib/x86_64-linux-gnu/libcrypto.so (found version "3.0.2")  
[0.431s] -- Found FastRTPS: /opt/ros/humble/include  
[0.456s] -- Using RMW implementation 'rmw_fastrtps_cpp' as default
[0.460s] -- Looking for pthread.h
[0.510s] -- Looking for pthread.h - found
[0.511s] -- Performing Test CMAKE_HAVE_LIBC_PTHREAD
[0.559s] -- Performing Test CMAKE_HAVE_LIBC_PTHREAD - Success
[0.559s] -- Found Threads: TRUE  
[0.646s] -- Found sensor_msgs: 4.2.2 (/opt/ros/humble/share/sensor_msgs/cmake)
[0.714s] -- Found ament_lint_auto: 0.12.4 (/opt/ros/humble/share/ament_lint_auto/cmake)
[0.753s] -- Added test 'cppcheck' to perform static code analysis on C / C++ code
[0.753s] -- Configured cppcheck include dirs: $<BUILD_INTERFACE:/home/antonio/Documents/GitHub/Jimbot/src/robot/include>
[0.753s] -- Configured cppcheck exclude dirs and/or files: 
[0.753s] -- Added test 'lint_cmake' to check CMake code style
[0.753s] -- Added test 'uncrustify' to check C / C++ code style
[0.753s] -- Configured uncrustify additional arguments: 
[0.753s] -- Added test 'xmllint' to check XML markup files
[0.754s] -- Configuring done
[0.757s] -- Generating done
[0.758s] -- Build files have been written to: /home/antonio/Documents/GitHub/Jimbot/build/robot
[0.763s] Invoked command in '/home/antonio/Documents/GitHub/Jimbot/build/robot' returned '0': CMAKE_PREFIX_PATH=/opt/ros/humble /usr/bin/cmake /home/antonio/Documents/GitHub/Jimbot/src/robot -DCMAKE_INSTALL_PREFIX=/home/antonio/Documents/GitHub/Jimbot/install/robot
[0.764s] Invoking command in '/home/antonio/Documents/GitHub/Jimbot/build/robot': CMAKE_PREFIX_PATH=/opt/ros/humble /usr/bin/cmake --build /home/antonio/Documents/GitHub/Jimbot/build/robot -- -j16 -l16
[0.785s] [ 50%] [32mBuilding CXX object CMakeFiles/drive.dir/src/drive.cpp.o[0m
[0.799s] [01m[K/home/antonio/Documents/GitHub/Jimbot/src/robot/src/drive.cpp:2:10:[m[K [01;31m[Kfatal error: [m[Krclcpp/rclcpp.hpp: No such file or directory
[0.799s]     2 | #include [01;31m[K<rclcpp/rclcpp.hpp>[m[K
[0.799s]       |          [01;31m[K^~~~~~~~~~~~~~~~~~~[m[K
[0.799s] compilation terminated.
[0.799s] gmake[2]: *** [CMakeFiles/drive.dir/build.make:76: CMakeFiles/drive.dir/src/drive.cpp.o] Error 1
[0.799s] gmake[1]: *** [CMakeFiles/Makefile2:137: CMakeFiles/drive.dir/all] Error 2
[0.799s] gmake: *** [Makefile:146: all] Error 2
[0.801s] Invoked command in '/home/antonio/Documents/GitHub/Jimbot/build/robot' returned '2': CMAKE_PREFIX_PATH=/opt/ros/humble /usr/bin/cmake --build /home/antonio/Documents/GitHub/Jimbot/build/robot -- -j16 -l16
